mar 10, 2025 10:05:58 A. M. es.etg.psp.dmc.segtri.exmn.util.Log log
INFORMACIÓN: OPERACIÓN -> * CON RESULTADO -> 30
mar 10, 2025 10:06:00 A. M. es.etg.psp.dmc.segtri.exmn.util.Log log
INFORMACIÓN: FALLO AL INTRODUCIR LOS DATOS
mar 10, 2025 10:10:09 A. M. es.etg.psp.dmc.segtri.exmn.util.Log log
INFORMACIÓN: OPERACIÓN -> * CON RESULTADO -> 9
mar 10, 2025 10:18:27 A. M. es.etg.psp.dmc.segtri.exmn.util.Log log
INFORMACIÓN: OPERACIÓN -> * CON RESULTADO -> 990
mar 10, 2025 10:18:32 A. M. es.etg.psp.dmc.segtri.exmn.util.Log log
INFORMACIÓN: OPERACIÓN -> * CON RESULTADO -> 0
mar 10, 2025 10:20:20 A. M. es.etg.psp.dmc.segtri.exmn.util.Log log
INFORMACIÓN: FALLO AL INTRODUCIR LOS DATOS
mar 10, 2025 10:21:26 A. M. es.etg.psp.dmc.segtri.exmn.util.Log log
INFORMACIÓN: FALLO AL INTRODUCIR LOS DATOS
mar 10, 2025 10:24:13 A. M. es.etg.psp.dmc.segtri.exmn.util.Log log
INFORMACIÓN: OPERACIÓN -> + CON RESULTADO -> 2
mar 10, 2025 10:26:50 A. M. es.etg.psp.dmc.segtri.exmn.util.Log log
INFORMACIÓN: OPERACIÓN -> * CON RESULTADO -> 15
mar 10, 2025 10:26:58 A. M. es.etg.psp.dmc.segtri.exmn.util.Log log
INFORMACIÓN: OPERACIÓN -> / CON RESULTADO -> 0
mar 10, 2025 10:27:12 A. M. es.etg.psp.dmc.segtri.exmn.util.Log log
INFORMACIÓN: OPERACIÓN -> / CON RESULTADO -> 5
mar 10, 2025 10:31:40 A. M. es.etg.psp.dmc.segtri.exmn.util.Log log
INFORMACIÓN: OPERACIÓN -> * CON RESULTADO -> 15
mar 10, 2025 10:31:45 A. M. es.etg.psp.dmc.segtri.exmn.util.Log log
INFORMACIÓN: OPERACIÓN -> + CON RESULTADO -> 9
mar 10, 2025 10:32:30 A. M. es.etg.psp.dmc.segtri.exmn.util.Log log
INFORMACIÓN: OPERACIÓN -> * CON RESULTADO -> 20
